\BOOKMARK [0][-]{section*.6}{List of Figures}{}% 1
\BOOKMARK [0][-]{chapter.1}{Active Matter}{}% 2
\BOOKMARK [1][-]{section.1.1}{Describing the dynamics of active systems}{chapter.1}% 3
\BOOKMARK [1][-]{section.1.2}{Phenomenology}{chapter.1}% 4
\BOOKMARK [2][-]{subsection.1.2.1}{Collective motion}{section.1.2}% 5
\BOOKMARK [2][-]{subsection.1.2.2}{Motility induced phase separation}{section.1.2}% 6
\BOOKMARK [2][-]{subsection.1.2.3}{Towards high density}{section.1.2}% 7
\BOOKMARK [1][-]{section.1.3}{Active matter in complex environments}{chapter.1}% 8
\BOOKMARK [1][-]{section.1.4}{Active Janus particles}{chapter.1}% 9
\BOOKMARK [2][-]{subsection.1.4.1}{Induced-charge electrophoresis \(ICEP\)}{section.1.4}% 10
\BOOKMARK [2][-]{subsection.1.4.2}{Phase behaviour of active ICEP Janus particles}{section.1.4}% 11
\BOOKMARK [0][-]{chapter.2}{Confining Structures: Colloidal Gels and Randomly Pinned Spheres}{}% 12
\BOOKMARK [1][-]{section.2.1}{Colloids}{chapter.2}% 13
\BOOKMARK [1][-]{section.2.2}{Colloidal interactions}{chapter.2}% 14
\BOOKMARK [2][-]{subsection.2.2.1}{Van der Waals interaction}{section.2.2}% 15
\BOOKMARK [2][-]{subsection.2.2.2}{DLVO interaction}{section.2.2}% 16
\BOOKMARK [2][-]{subsection.2.2.3}{Hard sphere interactions}{section.2.2}% 17
\BOOKMARK [2][-]{subsection.2.2.4}{Depletion interaction}{section.2.2}% 18
\BOOKMARK [1][-]{section.2.3}{Colloidal gels}{chapter.2}% 19
\BOOKMARK [2][-]{subsection.2.3.1}{The colloid-polymer mixture}{section.2.3}% 20
\BOOKMARK [1][-]{section.2.4}{Random media}{chapter.2}% 21
\BOOKMARK [2][-]{subsection.2.4.1}{Structural analysis}{section.2.4}% 22
\BOOKMARK [2][-]{subsection.2.4.2}{Dynamical analysis}{section.2.4}% 23
\BOOKMARK [2][-]{subsection.2.4.3}{Slow dynamics in random pinning liquids}{section.2.4}% 24
\BOOKMARK [0][-]{chapter.3}{Experimental Methods}{}% 25
\BOOKMARK [1][-]{section.3.1}{Laser scanning confocal microscopy}{chapter.3}% 26
\BOOKMARK [1][-]{section.3.2}{Particle synthesis}{chapter.3}% 27
\BOOKMARK [2][-]{subsection.3.2.1}{Synthesis of fluorescent silica nanoparticle cores}{section.3.2}% 28
\BOOKMARK [2][-]{subsection.3.2.2}{Synthesis of core-shell silica nanoparticles}{section.3.2}% 29
\BOOKMARK [2][-]{subsection.3.2.3}{Synthesis of Janus particles}{section.3.2}% 30
\BOOKMARK [1][-]{section.3.3}{Particle tracking}{chapter.3}% 31
\BOOKMARK [1][-]{section.3.4}{Chord length}{chapter.3}% 32
\BOOKMARK [0][-]{chapter.4}{Crystallisation and Polymorph Selection in Active Brownian Particles}{}% 33
\BOOKMARK [1][-]{section.4.1}{Introduction}{chapter.4}% 34
\BOOKMARK [1][-]{section.4.2}{Methods}{chapter.4}% 35
\BOOKMARK [2][-]{subsection.4.2.1}{Computer simulations}{section.4.2}% 36
\BOOKMARK [2][-]{subsection.4.2.2}{Dynamical analysis}{section.4.2}% 37
\BOOKMARK [2][-]{subsection.4.2.3}{Topological cluster classification analysis}{section.4.2}% 38
\BOOKMARK [1][-]{section.4.3}{Results}{chapter.4}% 39
\BOOKMARK [2][-]{subsection.4.3.1}{State diagram}{section.4.3}% 40
\BOOKMARK [2][-]{subsection.4.3.2}{Dynamical and structural response of the active WCA fluid to activity}{section.4.3}% 41
\BOOKMARK [2][-]{subsection.4.3.3}{Crystal growth and activity}{section.4.3}% 42
\BOOKMARK [1][-]{section.4.4}{Conclusion}{chapter.4}% 43
\BOOKMARK [0][-]{chapter.5}{Active Brownian Spheres in Random and Porous Environments}{}% 44
\BOOKMARK [1][-]{section.5.1}{Introduction}{chapter.5}% 45
\BOOKMARK [1][-]{section.5.2}{Model and methods}{chapter.5}% 46
\BOOKMARK [2][-]{subsection.5.2.1}{Active particles}{section.5.2}% 47
\BOOKMARK [2][-]{subsection.5.2.2}{Complex environments}{section.5.2}% 48
\BOOKMARK [2][-]{subsection.5.2.3}{Dynamical analysis}{section.5.2}% 49
\BOOKMARK [1][-]{section.5.3}{Numerical results}{chapter.5}% 50
\BOOKMARK [2][-]{subsection.5.3.1}{Low Pe: crystal suppression and heterogeneous dynamics}{section.5.3}% 51
\BOOKMARK [2][-]{subsection.5.3.2}{Intermediate Pe: MIPS in random environments}{section.5.3}% 52
\BOOKMARK [2][-]{subsection.5.3.3}{Local structure}{section.5.3}% 53
\BOOKMARK [2][-]{subsection.5.3.4}{Reentrant mixing}{section.5.3}% 54
\BOOKMARK [1][-]{section.5.4}{Conclusion}{chapter.5}% 55
\BOOKMARK [0][-]{chapter.6}{Real Space Analysis of Active Colloids in a 3D Complex Environment}{}% 56
\BOOKMARK [1][-]{section.6.1}{Introduction}{chapter.6}% 57
\BOOKMARK [1][-]{section.6.2}{Methods}{chapter.6}% 58
\BOOKMARK [2][-]{subsection.6.2.1}{Sample cell}{section.6.2}% 59
\BOOKMARK [2][-]{subsection.6.2.2}{Assembly of the colloidal gel}{section.6.2}% 60
\BOOKMARK [2][-]{subsection.6.2.3}{Sintering the colloidal gel}{section.6.2}% 61
\BOOKMARK [2][-]{subsection.6.2.4}{Adding Janus particles to the sample}{section.6.2}% 62
\BOOKMARK [2][-]{subsection.6.2.5}{Electric field}{section.6.2}% 63
\BOOKMARK [1][-]{section.6.3}{Results and discussion}{chapter.6}% 64
\BOOKMARK [2][-]{subsection.6.3.1}{Brownian Janus particles in a gel}{section.6.3}% 65
\BOOKMARK [2][-]{subsection.6.3.2}{Active Janus particles in a gel}{section.6.3}% 66
\BOOKMARK [2][-]{subsection.6.3.3}{3D particle tracking of a sintered gel}{section.6.3}% 67
\BOOKMARK [1][-]{section.6.4}{Conclusion and future Work}{chapter.6}% 68
\BOOKMARK [0][-]{chapter.7}{Conclusion}{}% 69
\BOOKMARK [1][-]{section.7.1}{Crystallisation and polymorph selection in active Brownian particles}{chapter.7}% 70
\BOOKMARK [1][-]{section.7.2}{Active Brownian spheres in random and porous environments}{chapter.7}% 71
\BOOKMARK [1][-]{section.7.3}{Real-space analysis of active colloids in a complex environment}{chapter.7}% 72
\BOOKMARK [1][-]{section.7.4}{General conclusion}{chapter.7}% 73
\BOOKMARK [0][-]{appendix.A}{Appendix}{}% 74
\BOOKMARK [1][-]{section.A.1}{Supplementary material}{appendix.A}% 75
\BOOKMARK [2][-]{subsection.A.1.1}{Brownian motion of Janus particles inside a colloidal gel}{section.A.1}% 76
\BOOKMARK [2][-]{subsection.A.1.2}{Active Janus particles inside a colloidal gel at low field strength}{section.A.1}% 77
\BOOKMARK [2][-]{subsection.A.1.3}{Active Janus particles inside a colloidal gel at high field strength}{section.A.1}% 78
\BOOKMARK [0][-]{appendix*.8}{Bibliography}{}% 79
